# JRE version: OpenJDK Runtime Environment (11.0.13) (build 11.0.13+0-b1751.21-8125866)
# Java VM: OpenJDK 64-Bit Server VM (11.0.13+0-b1751.21-8125866, mixed mode, tiered, compressed oops, g1 gc, windows-amd64)
Heap:
 garbage-first heap   total 65536K, used 44498K [0x0000000080000000, 0x0000000100000000)
  region size 1024K, 17 young (17408K), 3 survivors (3072K)
 Metaspace       used 47625K, capacity 48928K, committed 49104K, reserved 1091584K
  class space    used 6062K, capacity 6499K, committed 6528K, reserved 1048576K
GC Heap History (20 events):
Event: 25.302 GC heap before
{Heap before GC invocations=7 (full 0):
 garbage-first heap   total 65536K, used 48080K [0x0000000080000000, 0x0000000100000000)
  region size 1024K, 32 young (32768K), 2 survivors (2048K)
 Metaspace       used 24013K, capacity 24615K, committed 24752K, reserved 1071104K
  class space    used 3034K, capacity 3255K, committed 3328K, reserved 1048576K
}
Event: 25.307 GC heap after
{Heap after GC invocations=8 (full 0):
 garbage-first heap   total 65536K, used 18394K [0x0000000080000000, 0x0000000100000000)
  region size 1024K, 3 young (3072K), 3 survivors (3072K)
 Metaspace       used 24013K, capacity 24615K, committed 24752K, reserved 1071104K
  class space    used 3034K, capacity 3255K, committed 3328K, reserved 1048576K
}
Event: 28.688 GC heap before
{Heap before GC invocations=8 (full 0):
 garbage-first heap   total 65536K, used 49114K [0x0000000080000000, 0x0000000100000000)
  region size 1024K, 33 young (33792K), 3 survivors (3072K)
 Metaspace       used 27019K, capacity 27684K, committed 27696K, reserved 1073152K
  class space    used 3499K, capacity 3708K, committed 3712K, reserved 1048576K
}
Event: 28.694 GC heap after
{Heap after GC invocations=9 (full 0):
 garbage-first heap   total 65536K, used 19452K [0x0000000080000000, 0x0000000100000000)
  region size 1024K, 4 young (4096K), 4 survivors (4096K)
 Metaspace       used 27019K, capacity 27684K, committed 27696K, reserved 1073152K
  class space    used 3499K, capacity 3708K, committed 3712K, reserved 1048576K
}
Event: 31.996 GC heap before
{Heap before GC invocations=9 (full 0):
 garbage-first heap   total 65536K, used 50172K [0x0000000080000000, 0x0000000100000000)
  region size 1024K, 34 young (34816K), 4 survivors (4096K)
 Metaspace       used 29623K, capacity 30364K, committed 30512K, reserved 1075200K
  class space    used 3911K, capacity 4177K, committed 4224K, reserved 1048576K
}
Event: 32.004 GC heap after
{Heap after GC invocations=10 (full 0):
 garbage-first heap   total 65536K, used 20425K [0x0000000080000000, 0x0000000100000000)
  region size 1024K, 4 young (4096K), 4 survivors (4096K)
 Metaspace       used 29623K, capacity 30364K, committed 30512K, reserved 1075200K
  class space    used 3911K, capacity 4177K, committed 4224K, reserved 1048576K
}
Event: 37.019 GC heap before
{Heap before GC invocations=10 (full 0):
 garbage-first heap   total 65536K, used 42953K [0x0000000080000000, 0x0000000100000000)
  region size 1024K, 27 young (27648K), 4 survivors (4096K)
 Metaspace       used 35067K, capacity 35773K, committed 35920K, reserved 1081344K
  class space    used 4501K, capacity 4790K, committed 4864K, reserved 1048576K
}
Event: 37.027 GC heap after
{Heap after GC invocations=11 (full 0):
 garbage-first heap   total 65536K, used 22676K [0x0000000080000000, 0x0000000100000000)
  region size 1024K, 5 young (5120K), 5 survivors (5120K)
 Metaspace       used 35067K, capacity 35773K, committed 35920K, reserved 1081344K
  class space    used 4501K, capacity 4790K, committed 4864K, reserved 1048576K
}
Event: 38.202 GC heap before
{Heap before GC invocations=12 (full 0):
 garbage-first heap   total 65536K, used 50324K [0x0000000080000000, 0x0000000100000000)
  region size 1024K, 33 young (33792K), 5 survivors (5120K)
 Metaspace       used 37122K, capacity 37909K, committed 38224K, reserved 1083392K
  class space    used 4720K, capacity 5029K, committed 5120K, reserved 1048576K
}
Event: 38.211 GC heap after
{Heap after GC invocations=13 (full 0):
 garbage-first heap   total 65536K, used 26071K [0x0000000080000000, 0x0000000100000000)
  region size 1024K, 5 young (5120K), 5 survivors (5120K)
 Metaspace       used 37122K, capacity 37909K, committed 38224K, reserved 1083392K
  class space    used 4720K, capacity 5029K, committed 5120K, reserved 1048576K
}
Event: 43.505 GC heap before
{Heap before GC invocations=13 (full 0):
 garbage-first heap   total 65536K, used 53719K [0x0000000080000000, 0x0000000100000000)
  region size 1024K, 30 young (30720K), 5 survivors (5120K)
 Metaspace       used 39373K, capacity 40251K, committed 40528K, reserved 1085440K
  class space    used 4962K, capacity 5295K, committed 5376K, reserved 1048576K
}
Event: 43.513 GC heap after
{Heap after GC invocations=14 (full 0):
 garbage-first heap   total 65536K, used 27679K [0x0000000080000000, 0x0000000100000000)
  region size 1024K, 3 young (3072K), 3 survivors (3072K)
 Metaspace       used 39373K, capacity 40251K, committed 40528K, reserved 1085440K
  class space    used 4962K, capacity 5295K, committed 5376K, reserved 1048576K
}
Event: 44.821 GC heap before
{Heap before GC invocations=14 (full 0):
 garbage-first heap   total 65536K, used 51231K [0x0000000080000000, 0x0000000100000000)
  region size 1024K, 26 young (26624K), 3 survivors (3072K)
 Metaspace       used 40917K, capacity 41954K, committed 42064K, reserved 1085440K
  class space    used 5164K, capacity 5523K, committed 5632K, reserved 1048576K
}
Event: 44.825 GC heap after
{Heap after GC invocations=15 (full 0):
 garbage-first heap   total 65536K, used 29103K [0x0000000080000000, 0x0000000100000000)
  region size 1024K, 4 young (4096K), 4 survivors (4096K)
 Metaspace       used 40917K, capacity 41954K, committed 42064K, reserved 1085440K
  class space    used 5164K, capacity 5523K, committed 5632K, reserved 1048576K
}
Event: 48.235 GC heap before
{Heap before GC invocations=15 (full 0):
 garbage-first heap   total 65536K, used 51631K [0x0000000080000000, 0x0000000100000000)
  region size 1024K, 27 young (27648K), 4 survivors (4096K)
 Metaspace       used 43127K, capacity 44155K, committed 44368K, reserved 1087488K
  class space    used 5493K, capacity 5844K, committed 5888K, reserved 1048576K
}
Event: 48.244 GC heap after
{Heap after GC invocations=16 (full 0):
 garbage-first heap   total 65536K, used 30141K [0x0000000080000000, 0x0000000100000000)
  region size 1024K, 3 young (3072K), 3 survivors (3072K)
 Metaspace       used 43127K, capacity 44155K, committed 44368K, reserved 1087488K
  class space    used 5493K, capacity 5844K, committed 5888K, reserved 1048576K
}
Event: 52.367 GC heap before
{Heap before GC invocations=16 (full 0):
 garbage-first heap   total 65536K, used 53693K [0x0000000080000000, 0x0000000100000000)
  region size 1024K, 25 young (25600K), 3 survivors (3072K)
 Metaspace       used 45191K, capacity 46336K, committed 46416K, reserved 1089536K
  class space    used 5733K, capacity 6143K, committed 6144K, reserved 1048576K
}
Event: 52.375 GC heap after
{Heap after GC invocations=17 (full 0):
 garbage-first heap   total 65536K, used 30922K [0x0000000080000000, 0x0000000100000000)
  region size 1024K, 2 young (2048K), 2 survivors (2048K)
 Metaspace       used 45191K, capacity 46336K, committed 46416K, reserved 1089536K
  class space    used 5733K, capacity 6143K, committed 6144K, reserved 1048576K
}
Event: 58.127 GC heap before
{Heap before GC invocations=17 (full 0):
 garbage-first heap   total 65536K, used 52426K [0x0000000080000000, 0x0000000100000000)
  region size 1024K, 23 young (23552K), 2 survivors (2048K)
 Metaspace       used 46794K, capacity 47991K, committed 48208K, reserved 1091584K
  class space    used 5939K, capacity 6354K, committed 6400K, reserved 1048576K
}
Event: 58.133 GC heap after
{Heap after GC invocations=18 (full 0):
 garbage-first heap   total 65536K, used 31186K [0x0000000080000000, 0x0000000100000000)
  region size 1024K, 3 young (3072K), 3 survivors (3072K)
 Metaspace       used 46794K, capacity 47991K, committed 48208K, reserved 1091584K
  class space    used 5939K, capacity 6354K, committed 6400K, reserved 1048576K
}

